[2024-04-19 09:45:06] [info] Start Program:
Path:"D:\dari\an1sem2\OOP\lab5 undo GA\x64\Debug\lab5 undo GA.exe"
Arguments:
Working directory: "D:\dari\an1sem2\OOP\lab5 undo GA\lab5 undo GA\"
Modules: Selected: D:\dari\an1sem2\OOP\lab5 undo GA\x64\Debug\lab5 undo GA.exe Excluded: 
Sources: Selected: D:\dari\an1sem2\OOP\lab5 undo GA\lab5 undo GA Excluded: 
Log Level: Normal
Cover Children: 0
Aggregate by file: 1
Continue after C++ exception: 0
Optimized build support: 0
Export: Binary C:\Users\user\AppData\Local\Temp\hra4cst0.wqt 
Input coverage: 
Unified diff: 
Excluded line regular expressions: 
Substitute pdb source paths: 

[2024-04-19 09:45:06] [info] Module: D:\dari\an1sem2\OOP\lab5 undo GA\x64\Debug\lab5 undo GA.exe is selected because it matches selected pattern: D:\dari\an1sem2\OOP\lab5 undo GA\x64\Debug\lab5 undo GA.exe
[2024-04-19 09:45:06] [info] ----------------------------------------------------
[2024-04-19 09:45:06] [info] Coverage binary generated in file: C:\Users\user\AppData\Local\Temp\hra4cst0.wqt
[2024-04-19 09:45:06] [info] ----------------------------------------------------
